

============================== 2022-11-12 22:13:06.237316 | 2a450964-4f72-45df-b85d-efb211cdba3c ==============================
[0m22:13:06.237322 [info ] [MainThread]: Running with dbt=1.3.0
[0m22:13:06.237525 [debug] [MainThread]: running dbt with arguments {'write_json': True, 'use_colors': True, 'printer_width': 80, 'version_check': True, 'partial_parse': True, 'static_parser': True, 'profiles_dir': '/Users/jesperstaal/.dbt', 'send_anonymous_usage_stats': True, 'event_buffer_size': 100000, 'quiet': False, 'no_print': False, 'skip_profile_setup': False, 'which': 'init', 'indirect_selection': 'eager'}
[0m22:13:06.237602 [debug] [MainThread]: Tracking: tracking
[0m22:13:06.247259 [debug] [MainThread]: Sending event: {'category': 'dbt', 'action': 'invocation', 'label': 'start', 'context': [<snowplow_tracker.self_describing_json.SelfDescribingJson object at 0x1085bfc40>, <snowplow_tracker.self_describing_json.SelfDescribingJson object at 0x1085bf880>, <snowplow_tracker.self_describing_json.SelfDescribingJson object at 0x1085bfee0>]}
[0m22:13:19.408026 [debug] [MainThread]: Starter project path: /opt/homebrew/Cellar/dbt-postgres/1.3.0/libexec/lib/python3.9/site-packages/dbt/include/starter_project
[0m22:13:38.417668 [info ] [MainThread]: 
Your new dbt project "dbt_tutorial" was created!

For more information on how to configure the profiles.yml file,
please consult the dbt documentation here:

  https://docs.getdbt.com/docs/configure-your-profile

One more thing:

Need help? Don't hesitate to reach out to us via GitHub issues or on Slack:

  https://community.getdbt.com/

Happy modeling!

[0m22:13:38.418053 [debug] [MainThread]: Sending event: {'category': 'dbt', 'action': 'invocation', 'label': 'end', 'context': [<snowplow_tracker.self_describing_json.SelfDescribingJson object at 0x1085b3640>, <snowplow_tracker.self_describing_json.SelfDescribingJson object at 0x1085b3a00>, <snowplow_tracker.self_describing_json.SelfDescribingJson object at 0x1085b3850>]}
[0m22:13:38.418248 [debug] [MainThread]: Flushing usage events


============================== 2022-11-12 22:48:21.922162 | d3a2dea3-2c33-415f-9856-12adbdde3ceb ==============================
[0m22:48:21.922168 [info ] [MainThread]: Running with dbt=1.3.0
[0m22:48:21.922543 [debug] [MainThread]: running dbt with arguments {'write_json': True, 'use_colors': True, 'printer_width': 80, 'version_check': True, 'partial_parse': True, 'static_parser': True, 'profiles_dir': '/Users/jesperstaal/.dbt', 'send_anonymous_usage_stats': True, 'event_buffer_size': 100000, 'quiet': False, 'no_print': False, 'config_dir': False, 'which': 'debug', 'indirect_selection': 'eager'}
[0m22:48:21.922640 [debug] [MainThread]: Tracking: tracking
[0m22:48:21.933307 [debug] [MainThread]: Sending event: {'category': 'dbt', 'action': 'invocation', 'label': 'start', 'context': [<snowplow_tracker.self_describing_json.SelfDescribingJson object at 0x1065b9280>, <snowplow_tracker.self_describing_json.SelfDescribingJson object at 0x1065b95b0>, <snowplow_tracker.self_describing_json.SelfDescribingJson object at 0x1065b9a90>]}
[0m22:48:22.174645 [debug] [MainThread]: Executing "git --help"
[0m22:48:22.182549 [debug] [MainThread]: STDOUT: "b"usage: git [-v | --version] [-h | --help] [-C <path>] [-c <name>=<value>]\n           [--exec-path[=<path>]] [--html-path] [--man-path] [--info-path]\n           [-p | --paginate | -P | --no-pager] [--no-replace-objects] [--bare]\n           [--git-dir=<path>] [--work-tree=<path>] [--namespace=<name>]\n           [--super-prefix=<path>] [--config-env=<name>=<envvar>]\n           <command> [<args>]\n\nThese are common Git commands used in various situations:\n\nstart a working area (see also: git help tutorial)\n   clone     Clone a repository into a new directory\n   init      Create an empty Git repository or reinitialize an existing one\n\nwork on the current change (see also: git help everyday)\n   add       Add file contents to the index\n   mv        Move or rename a file, a directory, or a symlink\n   restore   Restore working tree files\n   rm        Remove files from the working tree and from the index\n\nexamine the history and state (see also: git help revisions)\n   bisect    Use binary search to find the commit that introduced a bug\n   diff      Show changes between commits, commit and working tree, etc\n   grep      Print lines matching a pattern\n   log       Show commit logs\n   show      Show various types of objects\n   status    Show the working tree status\n\ngrow, mark and tweak your common history\n   branch    List, create, or delete branches\n   commit    Record changes to the repository\n   merge     Join two or more development histories together\n   rebase    Reapply commits on top of another base tip\n   reset     Reset current HEAD to the specified state\n   switch    Switch branches\n   tag       Create, list, delete or verify a tag object signed with GPG\n\ncollaborate (see also: git help workflows)\n   fetch     Download objects and refs from another repository\n   pull      Fetch from and integrate with another repository or a local branch\n   push      Update remote refs along with associated objects\n\n'git help -a' and 'git help -g' list available subcommands and some\nconcept guides. See 'git help <command>' or 'git help <concept>'\nto read about a specific subcommand or concept.\nSee 'git help git' for an overview of the system.\n""
[0m22:48:22.183034 [debug] [MainThread]: STDERR: "b''"
[0m22:48:22.183702 [debug] [MainThread]: Sending event: {'category': 'dbt', 'action': 'invocation', 'label': 'end', 'context': [<snowplow_tracker.self_describing_json.SelfDescribingJson object at 0x1065aab20>, <snowplow_tracker.self_describing_json.SelfDescribingJson object at 0x1067d6520>, <snowplow_tracker.self_describing_json.SelfDescribingJson object at 0x1067d6460>]}
[0m22:48:22.184136 [debug] [MainThread]: Flushing usage events
